<?xml version="1.0" encoding="UTF-8"?>
<testng-results skipped="0" failed="0" ignored="0" total="1" passed="1">
  <reporter-output>
  </reporter-output>
  <suite name="Default suite" duration-ms="39770" started-at="2019-06-11T05:10:37Z" finished-at="2019-06-11T05:11:17Z">
    <groups>
    </groups>
    <test name="Default test" duration-ms="39770" started-at="2019-06-11T05:10:37Z" finished-at="2019-06-11T05:11:17Z">
      <class name="testing.Jenkins_Test">
        <test-method status="PASS" signature="beforeTest()[pri:0, instance:testing.Jenkins_Test@4b9e13df]" name="beforeTest" is-config="true" duration-ms="8864" started-at="2019-06-11T05:10:37Z" finished-at="2019-06-11T05:10:46Z">
          <reporter-output>
          </reporter-output>
        </test-method> <!-- beforeTest -->
        <test-method status="PASS" signature="f()[pri:0, instance:testing.Jenkins_Test@4b9e13df]" name="f" duration-ms="29997" started-at="2019-06-11T05:10:46Z" finished-at="2019-06-11T05:11:16Z">
          <reporter-output>
          </reporter-output>
        </test-method> <!-- f -->
        <test-method status="PASS" signature="afterTest()[pri:0, instance:testing.Jenkins_Test@4b9e13df]" name="afterTest" is-config="true" duration-ms="874" started-at="2019-06-11T05:11:16Z" finished-at="2019-06-11T05:11:17Z">
          <reporter-output>
          </reporter-output>
        </test-method> <!-- afterTest -->
      </class> <!-- testing.Jenkins_Test -->
    </test> <!-- Default test -->
  </suite> <!-- Default suite -->
</testng-results>
